<?xml version="1.0" encoding="UTF-8"?>
<!-- Generated by org.testng.reporters.JUnitReportReporter -->
<testsuite hostname="ndi-lap-845" failures="0" tests="1" name="automation.workday.workday.testScripts.LoginTest" time="26.417" errors="0" timestamp="2020-04-25T10:52:09 IST" skipped="0">
  <testcase classname="automation.workday.workday.testScripts.LoginTest" name="testLoginPage" time="26.417"/>
</testsuite> <!-- automation.workday.workday.testScripts.LoginTest -->
